[2025-12-10T04:29:01.008+0000] {taskinstance.py:1157} INFO - Dependencies all met for dep_context=non-requeueable deps ti=<TaskInstance: crypto_dbt_docker.dbt_run scheduled__2025-12-10T04:28:00+00:00 [queued]>
[2025-12-10T04:29:01.017+0000] {taskinstance.py:1157} INFO - Dependencies all met for dep_context=requeueable deps ti=<TaskInstance: crypto_dbt_docker.dbt_run scheduled__2025-12-10T04:28:00+00:00 [queued]>
[2025-12-10T04:29:01.018+0000] {taskinstance.py:1359} INFO - Starting attempt 1 of 1
[2025-12-10T04:29:01.035+0000] {taskinstance.py:1380} INFO - Executing <Task(BashOperator): dbt_run> on 2025-12-10 04:28:00+00:00
[2025-12-10T04:29:01.046+0000] {standard_task_runner.py:57} INFO - Started process 1686 to run task
[2025-12-10T04:29:01.051+0000] {standard_task_runner.py:84} INFO - Running: ['***', 'tasks', 'run', 'crypto_dbt_docker', 'dbt_run', 'scheduled__2025-12-10T04:28:00+00:00', '--job-id', '57', '--raw', '--subdir', 'DAGS_FOLDER/dbt_pipeline.py', '--cfg-path', '/tmp/tmpfmz4bex_']
[2025-12-10T04:29:01.055+0000] {standard_task_runner.py:85} INFO - Job 57: Subtask dbt_run
[2025-12-10T04:29:01.080+0000] {logging_mixin.py:151} WARNING - /home/***/.local/lib/python3.8/site-packages/***/settings.py:195 DeprecationWarning: The sql_alchemy_conn option in [core] has been moved to the sql_alchemy_conn option in [database] - the old setting has been used, but please update your config.
[2025-12-10T04:29:01.129+0000] {task_command.py:415} INFO - Running <TaskInstance: crypto_dbt_docker.dbt_run scheduled__2025-12-10T04:28:00+00:00 [running]> on host 35423fd881ec
[2025-12-10T04:29:01.240+0000] {taskinstance.py:1660} INFO - Exporting env vars: AIRFLOW_CTX_DAG_OWNER='***' AIRFLOW_CTX_DAG_ID='crypto_dbt_docker' AIRFLOW_CTX_TASK_ID='dbt_run' AIRFLOW_CTX_EXECUTION_DATE='2025-12-10T04:28:00+00:00' AIRFLOW_CTX_TRY_NUMBER='1' AIRFLOW_CTX_DAG_RUN_ID='scheduled__2025-12-10T04:28:00+00:00'
[2025-12-10T04:29:01.242+0000] {subprocess.py:63} INFO - Tmp dir root location: /tmp
[2025-12-10T04:29:01.243+0000] {subprocess.py:75} INFO - Running command: ['/bin/bash', '-c', 'dbt run --project-dir /opt/***/dbt_project --profiles-dir /opt/***/dbt_profiles']
[2025-12-10T04:29:01.258+0000] {subprocess.py:86} INFO - Output:
[2025-12-10T04:29:03.208+0000] {subprocess.py:93} INFO - [0m04:29:03  Running with dbt=1.8.7
[2025-12-10T04:29:04.213+0000] {subprocess.py:93} INFO - [0m04:29:04  Registered adapter: snowflake=1.8.4
[2025-12-10T04:29:04.482+0000] {subprocess.py:93} INFO - [0m04:29:04  [[33mWARNING[0m]: Configuration paths exist in your dbt_project.yml file which do not apply to any resources.
[2025-12-10T04:29:04.482+0000] {subprocess.py:93} INFO - There are 2 unused configuration paths:
[2025-12-10T04:29:04.482+0000] {subprocess.py:93} INFO - - models.crypto_transform.silver
[2025-12-10T04:29:04.482+0000] {subprocess.py:93} INFO - - models.crypto_transform.gold
[2025-12-10T04:29:04.653+0000] {subprocess.py:93} INFO - [0m04:29:04  Found 1 model, 1 source, 454 macros
[2025-12-10T04:29:04.749+0000] {subprocess.py:93} INFO - [0m04:29:04
[2025-12-10T04:29:08.118+0000] {subprocess.py:93} INFO - [0m04:29:08  Concurrency: 1 threads (target='dev')
[2025-12-10T04:29:08.118+0000] {subprocess.py:93} INFO - [0m04:29:08
[2025-12-10T04:29:08.129+0000] {subprocess.py:93} INFO - [0m04:29:08  1 of 1 START sql view model public.bronze_data ................................. [RUN]
[2025-12-10T04:29:09.395+0000] {subprocess.py:93} INFO - [0m04:29:09  1 of 1 ERROR creating sql view model public.bronze_data ........................ [[31mERROR[0m in 1.26s]
[2025-12-10T04:29:09.400+0000] {subprocess.py:93} INFO - [0m04:29:09
[2025-12-10T04:29:09.401+0000] {subprocess.py:93} INFO - [0m04:29:09  Finished running 1 view model in 0 hours 0 minutes and 4.65 seconds (4.65s).
[2025-12-10T04:29:09.438+0000] {subprocess.py:93} INFO - [0m04:29:09
[2025-12-10T04:29:09.439+0000] {subprocess.py:93} INFO - [0m04:29:09  [31mCompleted with 1 error and 0 warnings:[0m
[2025-12-10T04:29:09.439+0000] {subprocess.py:93} INFO - [0m04:29:09
[2025-12-10T04:29:09.440+0000] {subprocess.py:93} INFO - [0m04:29:09    Database Error in model bronze_data (models/bronze/bronze_data.sql)
[2025-12-10T04:29:09.440+0000] {subprocess.py:93} INFO -   002040 (42601): SQL compilation error:
[2025-12-10T04:29:09.440+0000] {subprocess.py:93} INFO -   Unsupported data type 'TICKER'.
[2025-12-10T04:29:09.440+0000] {subprocess.py:93} INFO -   compiled code at target/run/crypto_transform/models/bronze/bronze_data.sql
[2025-12-10T04:29:09.440+0000] {subprocess.py:93} INFO - [0m04:29:09
[2025-12-10T04:29:09.441+0000] {subprocess.py:93} INFO - [0m04:29:09  Done. PASS=0 WARN=0 ERROR=1 SKIP=0 TOTAL=1
[2025-12-10T04:29:11.619+0000] {subprocess.py:97} INFO - Command exited with return code 1
[2025-12-10T04:29:11.640+0000] {taskinstance.py:1935} ERROR - Task failed with exception
Traceback (most recent call last):
  File "/home/airflow/.local/lib/python3.8/site-packages/airflow/operators/bash.py", line 210, in execute
    raise AirflowException(
airflow.exceptions.AirflowException: Bash command failed. The command returned a non-zero exit code 1.
[2025-12-10T04:29:11.645+0000] {taskinstance.py:1398} INFO - Marking task as FAILED. dag_id=crypto_dbt_docker, task_id=dbt_run, execution_date=20251210T042800, start_date=20251210T042901, end_date=20251210T042911
[2025-12-10T04:29:11.670+0000] {standard_task_runner.py:104} ERROR - Failed to execute job 57 for task dbt_run (Bash command failed. The command returned a non-zero exit code 1.; 1686)
[2025-12-10T04:29:11.717+0000] {local_task_job_runner.py:228} INFO - Task exited with return code 1
[2025-12-10T04:29:11.736+0000] {taskinstance.py:2776} INFO - 0 downstream tasks scheduled from follow-on schedule check
