[2025-12-10T04:27:01.565+0000] {taskinstance.py:1157} INFO - Dependencies all met for dep_context=non-requeueable deps ti=<TaskInstance: crypto_dbt_docker.dbt_run scheduled__2025-12-10T04:26:00+00:00 [queued]>
[2025-12-10T04:27:01.573+0000] {taskinstance.py:1157} INFO - Dependencies all met for dep_context=requeueable deps ti=<TaskInstance: crypto_dbt_docker.dbt_run scheduled__2025-12-10T04:26:00+00:00 [queued]>
[2025-12-10T04:27:01.573+0000] {taskinstance.py:1359} INFO - Starting attempt 1 of 1
[2025-12-10T04:27:01.595+0000] {taskinstance.py:1380} INFO - Executing <Task(BashOperator): dbt_run> on 2025-12-10 04:26:00+00:00
[2025-12-10T04:27:01.603+0000] {standard_task_runner.py:57} INFO - Started process 1590 to run task
[2025-12-10T04:27:01.607+0000] {standard_task_runner.py:84} INFO - Running: ['***', 'tasks', 'run', 'crypto_dbt_docker', 'dbt_run', 'scheduled__2025-12-10T04:26:00+00:00', '--job-id', '55', '--raw', '--subdir', 'DAGS_FOLDER/dbt_pipeline.py', '--cfg-path', '/tmp/tmp7_z6kyko']
[2025-12-10T04:27:01.610+0000] {standard_task_runner.py:85} INFO - Job 55: Subtask dbt_run
[2025-12-10T04:27:01.637+0000] {logging_mixin.py:151} WARNING - /home/***/.local/lib/python3.8/site-packages/***/settings.py:195 DeprecationWarning: The sql_alchemy_conn option in [core] has been moved to the sql_alchemy_conn option in [database] - the old setting has been used, but please update your config.
[2025-12-10T04:27:01.690+0000] {task_command.py:415} INFO - Running <TaskInstance: crypto_dbt_docker.dbt_run scheduled__2025-12-10T04:26:00+00:00 [running]> on host 35423fd881ec
[2025-12-10T04:27:01.809+0000] {taskinstance.py:1660} INFO - Exporting env vars: AIRFLOW_CTX_DAG_OWNER='***' AIRFLOW_CTX_DAG_ID='crypto_dbt_docker' AIRFLOW_CTX_TASK_ID='dbt_run' AIRFLOW_CTX_EXECUTION_DATE='2025-12-10T04:26:00+00:00' AIRFLOW_CTX_TRY_NUMBER='1' AIRFLOW_CTX_DAG_RUN_ID='scheduled__2025-12-10T04:26:00+00:00'
[2025-12-10T04:27:01.810+0000] {subprocess.py:63} INFO - Tmp dir root location: /tmp
[2025-12-10T04:27:01.812+0000] {subprocess.py:75} INFO - Running command: ['/bin/bash', '-c', 'dbt run --project-dir /opt/***/dbt_project --profiles-dir /opt/***/dbt_profiles']
[2025-12-10T04:27:01.826+0000] {subprocess.py:86} INFO - Output:
[2025-12-10T04:27:03.745+0000] {subprocess.py:93} INFO - [0m04:27:03  Running with dbt=1.8.7
[2025-12-10T04:27:05.035+0000] {subprocess.py:93} INFO - [0m04:27:05  Registered adapter: snowflake=1.8.4
[2025-12-10T04:27:05.581+0000] {subprocess.py:93} INFO - [0m04:27:05  [[33mWARNING[0m]: Configuration paths exist in your dbt_project.yml file which do not apply to any resources.
[2025-12-10T04:27:05.581+0000] {subprocess.py:93} INFO - There are 2 unused configuration paths:
[2025-12-10T04:27:05.582+0000] {subprocess.py:93} INFO - - models.crypto_transform.gold
[2025-12-10T04:27:05.582+0000] {subprocess.py:93} INFO - - models.crypto_transform.silver
[2025-12-10T04:27:05.723+0000] {subprocess.py:93} INFO - [0m04:27:05  Found 1 model, 1 source, 454 macros
[2025-12-10T04:27:05.725+0000] {subprocess.py:93} INFO - [0m04:27:05
[2025-12-10T04:27:10.015+0000] {subprocess.py:93} INFO - [0m04:27:10  Concurrency: 1 threads (target='dev')
[2025-12-10T04:27:10.016+0000] {subprocess.py:93} INFO - [0m04:27:10
[2025-12-10T04:27:10.026+0000] {subprocess.py:93} INFO - [0m04:27:10  1 of 1 START sql view model public.bronze_data ................................. [RUN]
[2025-12-10T04:27:11.345+0000] {subprocess.py:93} INFO - [0m04:27:11  1 of 1 ERROR creating sql view model public.bronze_data ........................ [[31mERROR[0m in 1.32s]
[2025-12-10T04:27:11.350+0000] {subprocess.py:93} INFO - [0m04:27:11
[2025-12-10T04:27:11.350+0000] {subprocess.py:93} INFO - [0m04:27:11  Finished running 1 view model in 0 hours 0 minutes and 5.62 seconds (5.62s).
[2025-12-10T04:27:11.387+0000] {subprocess.py:93} INFO - [0m04:27:11
[2025-12-10T04:27:11.388+0000] {subprocess.py:93} INFO - [0m04:27:11  [31mCompleted with 1 error and 0 warnings:[0m
[2025-12-10T04:27:11.388+0000] {subprocess.py:93} INFO - [0m04:27:11
[2025-12-10T04:27:11.389+0000] {subprocess.py:93} INFO - [0m04:27:11    Database Error in model bronze_data (models/bronze/bronze_data.sql)
[2025-12-10T04:27:11.389+0000] {subprocess.py:93} INFO -   002040 (42601): SQL compilation error:
[2025-12-10T04:27:11.389+0000] {subprocess.py:93} INFO -   Unsupported data type 'TICER'.
[2025-12-10T04:27:11.389+0000] {subprocess.py:93} INFO -   compiled code at target/run/crypto_transform/models/bronze/bronze_data.sql
[2025-12-10T04:27:11.389+0000] {subprocess.py:93} INFO - [0m04:27:11
[2025-12-10T04:27:11.390+0000] {subprocess.py:93} INFO - [0m04:27:11  Done. PASS=0 WARN=0 ERROR=1 SKIP=0 TOTAL=1
[2025-12-10T04:27:13.452+0000] {subprocess.py:97} INFO - Command exited with return code 1
[2025-12-10T04:27:13.466+0000] {taskinstance.py:1935} ERROR - Task failed with exception
Traceback (most recent call last):
  File "/home/airflow/.local/lib/python3.8/site-packages/airflow/operators/bash.py", line 210, in execute
    raise AirflowException(
airflow.exceptions.AirflowException: Bash command failed. The command returned a non-zero exit code 1.
[2025-12-10T04:27:13.471+0000] {taskinstance.py:1398} INFO - Marking task as FAILED. dag_id=crypto_dbt_docker, task_id=dbt_run, execution_date=20251210T042600, start_date=20251210T042701, end_date=20251210T042713
[2025-12-10T04:27:13.487+0000] {standard_task_runner.py:104} ERROR - Failed to execute job 55 for task dbt_run (Bash command failed. The command returned a non-zero exit code 1.; 1590)
[2025-12-10T04:27:13.535+0000] {local_task_job_runner.py:228} INFO - Task exited with return code 1
[2025-12-10T04:27:13.559+0000] {taskinstance.py:2776} INFO - 0 downstream tasks scheduled from follow-on schedule check
