[2025-12-10T15:56:00.892+0000] {taskinstance.py:1157} INFO - Dependencies all met for dep_context=non-requeueable deps ti=<TaskInstance: crypto_dbt_docker.dbt_run scheduled__2025-12-10T15:54:00+00:00 [queued]>
[2025-12-10T15:56:00.899+0000] {taskinstance.py:1157} INFO - Dependencies all met for dep_context=requeueable deps ti=<TaskInstance: crypto_dbt_docker.dbt_run scheduled__2025-12-10T15:54:00+00:00 [queued]>
[2025-12-10T15:56:00.899+0000] {taskinstance.py:1359} INFO - Starting attempt 1 of 1
[2025-12-10T15:56:00.911+0000] {taskinstance.py:1380} INFO - Executing <Task(BashOperator): dbt_run> on 2025-12-10 15:54:00+00:00
[2025-12-10T15:56:00.918+0000] {standard_task_runner.py:57} INFO - Started process 179 to run task
[2025-12-10T15:56:00.922+0000] {standard_task_runner.py:84} INFO - Running: ['***', 'tasks', 'run', 'crypto_dbt_docker', 'dbt_run', 'scheduled__2025-12-10T15:54:00+00:00', '--job-id', '94', '--raw', '--subdir', 'DAGS_FOLDER/dbt_pipeline.py', '--cfg-path', '/tmp/tmp3qezu3fd']
[2025-12-10T15:56:00.926+0000] {standard_task_runner.py:85} INFO - Job 94: Subtask dbt_run
[2025-12-10T15:56:00.948+0000] {logging_mixin.py:151} WARNING - /home/***/.local/lib/python3.8/site-packages/***/settings.py:195 DeprecationWarning: The sql_alchemy_conn option in [core] has been moved to the sql_alchemy_conn option in [database] - the old setting has been used, but please update your config.
[2025-12-10T15:56:01.011+0000] {task_command.py:415} INFO - Running <TaskInstance: crypto_dbt_docker.dbt_run scheduled__2025-12-10T15:54:00+00:00 [running]> on host 35423fd881ec
[2025-12-10T15:56:01.201+0000] {taskinstance.py:1660} INFO - Exporting env vars: AIRFLOW_CTX_DAG_OWNER='***' AIRFLOW_CTX_DAG_ID='crypto_dbt_docker' AIRFLOW_CTX_TASK_ID='dbt_run' AIRFLOW_CTX_EXECUTION_DATE='2025-12-10T15:54:00+00:00' AIRFLOW_CTX_TRY_NUMBER='1' AIRFLOW_CTX_DAG_RUN_ID='scheduled__2025-12-10T15:54:00+00:00'
[2025-12-10T15:56:01.204+0000] {subprocess.py:63} INFO - Tmp dir root location: /tmp
[2025-12-10T15:56:01.206+0000] {subprocess.py:75} INFO - Running command: ['/bin/bash', '-c', 'dbt run --project-dir /opt/***/dbt_project --profiles-dir /opt/***/dbt_profiles']
[2025-12-10T15:56:01.226+0000] {subprocess.py:86} INFO - Output:
[2025-12-10T15:56:03.648+0000] {subprocess.py:93} INFO - [0m15:56:03  Running with dbt=1.8.7
[2025-12-10T15:56:04.968+0000] {subprocess.py:93} INFO - [0m15:56:04  Registered adapter: snowflake=1.8.4
[2025-12-10T15:56:05.859+0000] {subprocess.py:93} INFO - [0m15:56:05  Found 5 models, 1 snapshot, 1 seed, 1 source, 454 macros
[2025-12-10T15:56:05.862+0000] {subprocess.py:93} INFO - [0m15:56:05
[2025-12-10T15:56:10.536+0000] {subprocess.py:93} INFO - [0m15:56:10  Concurrency: 1 threads (target='dev')
[2025-12-10T15:56:10.537+0000] {subprocess.py:93} INFO - [0m15:56:10
[2025-12-10T15:56:10.547+0000] {subprocess.py:93} INFO - [0m15:56:10  1 of 5 START sql view model public.bronze_data ................................. [RUN]
[2025-12-10T15:56:12.412+0000] {subprocess.py:93} INFO - [0m15:56:12  1 of 5 OK created sql view model public.bronze_data ............................ [[32mSUCCESS 1[0m in 1.86s]
[2025-12-10T15:56:12.414+0000] {subprocess.py:93} INFO - [0m15:56:12  2 of 5 START sql table model public.dim_symbol ................................. [RUN]
[2025-12-10T15:56:14.188+0000] {subprocess.py:93} INFO - [0m15:56:14  2 of 5 OK created sql table model public.dim_symbol ............................ [[32mSUCCESS 1[0m in 1.77s]
[2025-12-10T15:56:14.190+0000] {subprocess.py:93} INFO - [0m15:56:14  3 of 5 START sql incremental model public.silver_transformations ............... [RUN]
[2025-12-10T15:56:21.081+0000] {subprocess.py:93} INFO - [0m15:56:21  3 of 5 OK created sql incremental model public.silver_transformations .......... [[32mSUCCESS 0[0m in 6.89s]
[2025-12-10T15:56:21.086+0000] {subprocess.py:93} INFO - [0m15:56:21  4 of 5 START sql incremental model public.fact_trades .......................... [RUN]
[2025-12-10T15:56:42.640+0000] {subprocess.py:93} INFO - [0m15:56:42  4 of 5 OK created sql incremental model public.fact_trades ..................... [[32mSUCCESS 0[0m in 21.55s]
[2025-12-10T15:56:42.645+0000] {subprocess.py:93} INFO - [0m15:56:42  5 of 5 START sql view model public.gold_consumption_view ....................... [RUN]
[2025-12-10T15:56:44.528+0000] {subprocess.py:93} INFO - [0m15:56:44  5 of 5 ERROR creating sql view model public.gold_consumption_view .............. [[31mERROR[0m in 1.88s]
[2025-12-10T15:56:44.532+0000] {subprocess.py:93} INFO - [0m15:56:44
[2025-12-10T15:56:44.533+0000] {subprocess.py:93} INFO - [0m15:56:44  Finished running 2 view models, 1 table model, 2 incremental models in 0 hours 0 minutes and 38.67 seconds (38.67s).
[2025-12-10T15:56:44.580+0000] {subprocess.py:93} INFO - [0m15:56:44
[2025-12-10T15:56:44.580+0000] {subprocess.py:93} INFO - [0m15:56:44  [31mCompleted with 1 error and 0 warnings:[0m
[2025-12-10T15:56:44.581+0000] {subprocess.py:93} INFO - [0m15:56:44
[2025-12-10T15:56:44.581+0000] {subprocess.py:93} INFO - [0m15:56:44    Database Error in model gold_consumption_view (models/gold/gold_consumption_view.sql)
[2025-12-10T15:56:44.581+0000] {subprocess.py:93} INFO -   000904 (42000): SQL compilation error: error line 9 at position 4
[2025-12-10T15:56:44.581+0000] {subprocess.py:93} INFO -   invalid identifier 'F.TICKER'
[2025-12-10T15:56:44.582+0000] {subprocess.py:93} INFO -   compiled code at target/run/crypto_transform/models/gold/gold_consumption_view.sql
[2025-12-10T15:56:44.582+0000] {subprocess.py:93} INFO - [0m15:56:44
[2025-12-10T15:56:44.582+0000] {subprocess.py:93} INFO - [0m15:56:44  Done. PASS=4 WARN=0 ERROR=1 SKIP=0 TOTAL=5
[2025-12-10T15:56:53.427+0000] {subprocess.py:97} INFO - Command exited with return code 1
[2025-12-10T15:56:53.441+0000] {taskinstance.py:1935} ERROR - Task failed with exception
Traceback (most recent call last):
  File "/home/airflow/.local/lib/python3.8/site-packages/airflow/operators/bash.py", line 210, in execute
    raise AirflowException(
airflow.exceptions.AirflowException: Bash command failed. The command returned a non-zero exit code 1.
[2025-12-10T15:56:53.444+0000] {taskinstance.py:1398} INFO - Marking task as FAILED. dag_id=crypto_dbt_docker, task_id=dbt_run, execution_date=20251210T155400, start_date=20251210T155600, end_date=20251210T155653
[2025-12-10T15:56:53.460+0000] {standard_task_runner.py:104} ERROR - Failed to execute job 94 for task dbt_run (Bash command failed. The command returned a non-zero exit code 1.; 179)
[2025-12-10T15:56:53.486+0000] {local_task_job_runner.py:228} INFO - Task exited with return code 1
[2025-12-10T15:56:53.508+0000] {taskinstance.py:2776} INFO - 0 downstream tasks scheduled from follow-on schedule check
