[2025-12-10T15:56:00.892+0000] {taskinstance.py:1157} INFO - Dependencies all met for dep_context=non-requeueable deps ti=<TaskInstance: crypto_dbt_docker.dbt_run scheduled__2025-12-10T15:55:00+00:00 [queued]>
[2025-12-10T15:56:00.898+0000] {taskinstance.py:1157} INFO - Dependencies all met for dep_context=requeueable deps ti=<TaskInstance: crypto_dbt_docker.dbt_run scheduled__2025-12-10T15:55:00+00:00 [queued]>
[2025-12-10T15:56:00.899+0000] {taskinstance.py:1359} INFO - Starting attempt 1 of 1
[2025-12-10T15:56:00.912+0000] {taskinstance.py:1380} INFO - Executing <Task(BashOperator): dbt_run> on 2025-12-10 15:55:00+00:00
[2025-12-10T15:56:00.918+0000] {standard_task_runner.py:57} INFO - Started process 178 to run task
[2025-12-10T15:56:00.923+0000] {standard_task_runner.py:84} INFO - Running: ['***', 'tasks', 'run', 'crypto_dbt_docker', 'dbt_run', 'scheduled__2025-12-10T15:55:00+00:00', '--job-id', '93', '--raw', '--subdir', 'DAGS_FOLDER/dbt_pipeline.py', '--cfg-path', '/tmp/tmptoyok3nq']
[2025-12-10T15:56:00.926+0000] {standard_task_runner.py:85} INFO - Job 93: Subtask dbt_run
[2025-12-10T15:56:00.950+0000] {logging_mixin.py:151} WARNING - /home/***/.local/lib/python3.8/site-packages/***/settings.py:195 DeprecationWarning: The sql_alchemy_conn option in [core] has been moved to the sql_alchemy_conn option in [database] - the old setting has been used, but please update your config.
[2025-12-10T15:56:01.010+0000] {task_command.py:415} INFO - Running <TaskInstance: crypto_dbt_docker.dbt_run scheduled__2025-12-10T15:55:00+00:00 [running]> on host 35423fd881ec
[2025-12-10T15:56:01.201+0000] {taskinstance.py:1660} INFO - Exporting env vars: AIRFLOW_CTX_DAG_OWNER='***' AIRFLOW_CTX_DAG_ID='crypto_dbt_docker' AIRFLOW_CTX_TASK_ID='dbt_run' AIRFLOW_CTX_EXECUTION_DATE='2025-12-10T15:55:00+00:00' AIRFLOW_CTX_TRY_NUMBER='1' AIRFLOW_CTX_DAG_RUN_ID='scheduled__2025-12-10T15:55:00+00:00'
[2025-12-10T15:56:01.204+0000] {subprocess.py:63} INFO - Tmp dir root location: /tmp
[2025-12-10T15:56:01.205+0000] {subprocess.py:75} INFO - Running command: ['/bin/bash', '-c', 'dbt run --project-dir /opt/***/dbt_project --profiles-dir /opt/***/dbt_profiles']
[2025-12-10T15:56:01.226+0000] {subprocess.py:86} INFO - Output:
[2025-12-10T15:56:03.648+0000] {subprocess.py:93} INFO - [0m15:56:03  Running with dbt=1.8.7
[2025-12-10T15:56:04.969+0000] {subprocess.py:93} INFO - [0m15:56:04  Registered adapter: snowflake=1.8.4
[2025-12-10T15:56:05.859+0000] {subprocess.py:93} INFO - [0m15:56:05  Found 5 models, 1 snapshot, 1 seed, 1 source, 454 macros
[2025-12-10T15:56:05.862+0000] {subprocess.py:93} INFO - [0m15:56:05
[2025-12-10T15:56:10.303+0000] {subprocess.py:93} INFO - [0m15:56:10  Concurrency: 1 threads (target='dev')
[2025-12-10T15:56:10.303+0000] {subprocess.py:93} INFO - [0m15:56:10
[2025-12-10T15:56:10.314+0000] {subprocess.py:93} INFO - [0m15:56:10  1 of 5 START sql view model public.bronze_data ................................. [RUN]
[2025-12-10T15:56:11.797+0000] {subprocess.py:93} INFO - [0m15:56:11  1 of 5 OK created sql view model public.bronze_data ............................ [[32mSUCCESS 1[0m in 1.48s]
[2025-12-10T15:56:11.799+0000] {subprocess.py:93} INFO - [0m15:56:11  2 of 5 START sql table model public.dim_symbol ................................. [RUN]
[2025-12-10T15:56:14.177+0000] {subprocess.py:93} INFO - [0m15:56:14  2 of 5 OK created sql table model public.dim_symbol ............................ [[32mSUCCESS 1[0m in 2.38s]
[2025-12-10T15:56:14.180+0000] {subprocess.py:93} INFO - [0m15:56:14  3 of 5 START sql incremental model public.silver_transformations ............... [RUN]
[2025-12-10T15:56:19.182+0000] {subprocess.py:93} INFO - [0m15:56:19  3 of 5 OK created sql incremental model public.silver_transformations .......... [[32mSUCCESS 0[0m in 5.00s]
[2025-12-10T15:56:19.185+0000] {subprocess.py:93} INFO - [0m15:56:19  4 of 5 START sql incremental model public.fact_trades .......................... [RUN]
[2025-12-10T15:56:34.724+0000] {subprocess.py:93} INFO - [0m15:56:34  4 of 5 OK created sql incremental model public.fact_trades ..................... [[32mSUCCESS 0[0m in 15.54s]
[2025-12-10T15:56:34.728+0000] {subprocess.py:93} INFO - [0m15:56:34  5 of 5 START sql view model public.gold_consumption_view ....................... [RUN]
[2025-12-10T15:56:36.233+0000] {subprocess.py:93} INFO - [0m15:56:36  5 of 5 ERROR creating sql view model public.gold_consumption_view .............. [[31mERROR[0m in 1.50s]
[2025-12-10T15:56:36.236+0000] {subprocess.py:93} INFO - [0m15:56:36
[2025-12-10T15:56:36.237+0000] {subprocess.py:93} INFO - [0m15:56:36  Finished running 2 view models, 1 table model, 2 incremental models in 0 hours 0 minutes and 30.37 seconds (30.37s).
[2025-12-10T15:56:36.274+0000] {subprocess.py:93} INFO - [0m15:56:36
[2025-12-10T15:56:36.274+0000] {subprocess.py:93} INFO - [0m15:56:36  [31mCompleted with 1 error and 0 warnings:[0m
[2025-12-10T15:56:36.275+0000] {subprocess.py:93} INFO - [0m15:56:36
[2025-12-10T15:56:36.275+0000] {subprocess.py:93} INFO - [0m15:56:36    Database Error in model gold_consumption_view (models/gold/gold_consumption_view.sql)
[2025-12-10T15:56:36.276+0000] {subprocess.py:93} INFO -   000904 (42000): SQL compilation error: error line 9 at position 4
[2025-12-10T15:56:36.276+0000] {subprocess.py:93} INFO -   invalid identifier 'F.TICKER'
[2025-12-10T15:56:36.276+0000] {subprocess.py:93} INFO -   compiled code at target/run/crypto_transform/models/gold/gold_consumption_view.sql
[2025-12-10T15:56:36.276+0000] {subprocess.py:93} INFO - [0m15:56:36
[2025-12-10T15:56:36.276+0000] {subprocess.py:93} INFO - [0m15:56:36  Done. PASS=4 WARN=0 ERROR=1 SKIP=0 TOTAL=5
[2025-12-10T15:56:48.242+0000] {subprocess.py:97} INFO - Command exited with return code 1
[2025-12-10T15:56:48.257+0000] {taskinstance.py:1935} ERROR - Task failed with exception
Traceback (most recent call last):
  File "/home/airflow/.local/lib/python3.8/site-packages/airflow/operators/bash.py", line 210, in execute
    raise AirflowException(
airflow.exceptions.AirflowException: Bash command failed. The command returned a non-zero exit code 1.
[2025-12-10T15:56:48.260+0000] {taskinstance.py:1398} INFO - Marking task as FAILED. dag_id=crypto_dbt_docker, task_id=dbt_run, execution_date=20251210T155500, start_date=20251210T155600, end_date=20251210T155648
[2025-12-10T15:56:48.274+0000] {standard_task_runner.py:104} ERROR - Failed to execute job 93 for task dbt_run (Bash command failed. The command returned a non-zero exit code 1.; 178)
[2025-12-10T15:56:48.291+0000] {local_task_job_runner.py:228} INFO - Task exited with return code 1
[2025-12-10T15:56:48.311+0000] {taskinstance.py:2776} INFO - 0 downstream tasks scheduled from follow-on schedule check
