[2025-12-10T04:03:00.857+0000] {taskinstance.py:1157} INFO - Dependencies all met for dep_context=non-requeueable deps ti=<TaskInstance: crypto_dbt_docker.dbt_run scheduled__2025-12-10T04:02:00+00:00 [queued]>
[2025-12-10T04:03:00.865+0000] {taskinstance.py:1157} INFO - Dependencies all met for dep_context=requeueable deps ti=<TaskInstance: crypto_dbt_docker.dbt_run scheduled__2025-12-10T04:02:00+00:00 [queued]>
[2025-12-10T04:03:00.865+0000] {taskinstance.py:1359} INFO - Starting attempt 1 of 1
[2025-12-10T04:03:00.876+0000] {taskinstance.py:1380} INFO - Executing <Task(BashOperator): dbt_run> on 2025-12-10 04:02:00+00:00
[2025-12-10T04:03:00.884+0000] {standard_task_runner.py:57} INFO - Started process 590 to run task
[2025-12-10T04:03:00.887+0000] {standard_task_runner.py:84} INFO - Running: ['***', 'tasks', 'run', 'crypto_dbt_docker', 'dbt_run', 'scheduled__2025-12-10T04:02:00+00:00', '--job-id', '24', '--raw', '--subdir', 'DAGS_FOLDER/dbt_pipeline.py', '--cfg-path', '/tmp/tmpm9hcg8v7']
[2025-12-10T04:03:00.891+0000] {standard_task_runner.py:85} INFO - Job 24: Subtask dbt_run
[2025-12-10T04:03:00.911+0000] {logging_mixin.py:151} WARNING - /home/***/.local/lib/python3.8/site-packages/***/settings.py:195 DeprecationWarning: The sql_alchemy_conn option in [core] has been moved to the sql_alchemy_conn option in [database] - the old setting has been used, but please update your config.
[2025-12-10T04:03:00.955+0000] {task_command.py:415} INFO - Running <TaskInstance: crypto_dbt_docker.dbt_run scheduled__2025-12-10T04:02:00+00:00 [running]> on host 35423fd881ec
[2025-12-10T04:03:01.054+0000] {taskinstance.py:1660} INFO - Exporting env vars: AIRFLOW_CTX_DAG_OWNER='***' AIRFLOW_CTX_DAG_ID='crypto_dbt_docker' AIRFLOW_CTX_TASK_ID='dbt_run' AIRFLOW_CTX_EXECUTION_DATE='2025-12-10T04:02:00+00:00' AIRFLOW_CTX_TRY_NUMBER='1' AIRFLOW_CTX_DAG_RUN_ID='scheduled__2025-12-10T04:02:00+00:00'
[2025-12-10T04:03:01.056+0000] {subprocess.py:63} INFO - Tmp dir root location: /tmp
[2025-12-10T04:03:01.057+0000] {subprocess.py:75} INFO - Running command: ['/bin/bash', '-c', 'dbt run --project-dir /opt/***/dbt_project --profiles-dir /opt/***/dbt_profiles']
[2025-12-10T04:03:01.072+0000] {subprocess.py:86} INFO - Output:
[2025-12-10T04:03:03.059+0000] {subprocess.py:93} INFO - [0m04:03:03  Running with dbt=1.8.7
[2025-12-10T04:03:04.118+0000] {subprocess.py:93} INFO - [0m04:03:04  Registered adapter: snowflake=1.8.4
[2025-12-10T04:03:04.295+0000] {subprocess.py:93} INFO - [0m04:03:04  [[33mWARNING[0m]: Configuration paths exist in your dbt_project.yml file which do not apply to any resources.
[2025-12-10T04:03:04.296+0000] {subprocess.py:93} INFO - There are 2 unused configuration paths:
[2025-12-10T04:03:04.296+0000] {subprocess.py:93} INFO - - models.crypto_transform.gold
[2025-12-10T04:03:04.296+0000] {subprocess.py:93} INFO - - models.crypto_transform.silver
[2025-12-10T04:03:04.447+0000] {subprocess.py:93} INFO - [0m04:03:04  Found 1 model, 1 source, 454 macros
[2025-12-10T04:03:04.544+0000] {subprocess.py:93} INFO - [0m04:03:04
[2025-12-10T04:03:11.066+0000] {subprocess.py:93} INFO - [0m04:03:11
[2025-12-10T04:03:11.066+0000] {subprocess.py:93} INFO - [0m04:03:11  Finished running  in 0 hours 0 minutes and 6.52 seconds (6.52s).
[2025-12-10T04:03:11.067+0000] {subprocess.py:93} INFO - [0m04:03:11  Encountered an error:
[2025-12-10T04:03:11.068+0000] {subprocess.py:93} INFO - Runtime Error
[2025-12-10T04:03:11.068+0000] {subprocess.py:93} INFO -   Database error while listing schemas in database "streaming_db"
[2025-12-10T04:03:11.068+0000] {subprocess.py:93} INFO -   Database Error
[2025-12-10T04:03:11.068+0000] {subprocess.py:93} INFO -     250001: Could not connect to Snowflake backend after 1 attempt(s).Aborting
[2025-12-10T04:03:13.293+0000] {subprocess.py:97} INFO - Command exited with return code 2
[2025-12-10T04:03:13.308+0000] {taskinstance.py:1935} ERROR - Task failed with exception
Traceback (most recent call last):
  File "/home/airflow/.local/lib/python3.8/site-packages/airflow/operators/bash.py", line 210, in execute
    raise AirflowException(
airflow.exceptions.AirflowException: Bash command failed. The command returned a non-zero exit code 2.
[2025-12-10T04:03:13.311+0000] {taskinstance.py:1398} INFO - Marking task as FAILED. dag_id=crypto_dbt_docker, task_id=dbt_run, execution_date=20251210T040200, start_date=20251210T040300, end_date=20251210T040313
[2025-12-10T04:03:13.327+0000] {standard_task_runner.py:104} ERROR - Failed to execute job 24 for task dbt_run (Bash command failed. The command returned a non-zero exit code 2.; 590)
[2025-12-10T04:03:13.376+0000] {local_task_job_runner.py:228} INFO - Task exited with return code 1
[2025-12-10T04:03:13.400+0000] {taskinstance.py:2776} INFO - 0 downstream tasks scheduled from follow-on schedule check
