[2025-12-10T05:25:02.200+0000] {taskinstance.py:1157} INFO - Dependencies all met for dep_context=non-requeueable deps ti=<TaskInstance: crypto_dbt_docker.dbt_run scheduled__2025-12-10T05:24:00+00:00 [queued]>
[2025-12-10T05:25:02.214+0000] {taskinstance.py:1157} INFO - Dependencies all met for dep_context=requeueable deps ti=<TaskInstance: crypto_dbt_docker.dbt_run scheduled__2025-12-10T05:24:00+00:00 [queued]>
[2025-12-10T05:25:02.214+0000] {taskinstance.py:1359} INFO - Starting attempt 1 of 1
[2025-12-10T05:25:02.242+0000] {taskinstance.py:1380} INFO - Executing <Task(BashOperator): dbt_run> on 2025-12-10 05:24:00+00:00
[2025-12-10T05:25:02.253+0000] {standard_task_runner.py:57} INFO - Started process 2932 to run task
[2025-12-10T05:25:02.259+0000] {standard_task_runner.py:84} INFO - Running: ['***', 'tasks', 'run', 'crypto_dbt_docker', 'dbt_run', 'scheduled__2025-12-10T05:24:00+00:00', '--job-id', '83', '--raw', '--subdir', 'DAGS_FOLDER/dbt_pipeline.py', '--cfg-path', '/tmp/tmpl00wddzs']
[2025-12-10T05:25:02.263+0000] {standard_task_runner.py:85} INFO - Job 83: Subtask dbt_run
[2025-12-10T05:25:02.295+0000] {logging_mixin.py:151} WARNING - /home/***/.local/lib/python3.8/site-packages/***/settings.py:195 DeprecationWarning: The sql_alchemy_conn option in [core] has been moved to the sql_alchemy_conn option in [database] - the old setting has been used, but please update your config.
[2025-12-10T05:25:02.365+0000] {task_command.py:415} INFO - Running <TaskInstance: crypto_dbt_docker.dbt_run scheduled__2025-12-10T05:24:00+00:00 [running]> on host 35423fd881ec
[2025-12-10T05:25:02.540+0000] {taskinstance.py:1660} INFO - Exporting env vars: AIRFLOW_CTX_DAG_OWNER='***' AIRFLOW_CTX_DAG_ID='crypto_dbt_docker' AIRFLOW_CTX_TASK_ID='dbt_run' AIRFLOW_CTX_EXECUTION_DATE='2025-12-10T05:24:00+00:00' AIRFLOW_CTX_TRY_NUMBER='1' AIRFLOW_CTX_DAG_RUN_ID='scheduled__2025-12-10T05:24:00+00:00'
[2025-12-10T05:25:02.542+0000] {subprocess.py:63} INFO - Tmp dir root location: /tmp
[2025-12-10T05:25:02.544+0000] {subprocess.py:75} INFO - Running command: ['/bin/bash', '-c', 'dbt run --project-dir /opt/***/dbt_project --profiles-dir /opt/***/dbt_profiles']
[2025-12-10T05:25:02.566+0000] {subprocess.py:86} INFO - Output:
[2025-12-10T05:25:06.004+0000] {subprocess.py:93} INFO - [0m05:25:06  Running with dbt=1.8.7
[2025-12-10T05:25:07.756+0000] {subprocess.py:93} INFO - [0m05:25:07  Registered adapter: snowflake=1.8.4
[2025-12-10T05:25:09.451+0000] {subprocess.py:93} INFO - [0m05:25:09  Found 4 models, 1 snapshot, 1 seed, 1 source, 454 macros
[2025-12-10T05:25:09.453+0000] {subprocess.py:93} INFO - [0m05:25:09
[2025-12-10T05:25:16.568+0000] {subprocess.py:93} INFO - [0m05:25:16  Concurrency: 1 threads (target='dev')
[2025-12-10T05:25:16.569+0000] {subprocess.py:93} INFO - [0m05:25:16
[2025-12-10T05:25:16.591+0000] {subprocess.py:93} INFO - [0m05:25:16  1 of 4 START sql view model public.bronze_data ................................. [RUN]
[2025-12-10T05:25:19.346+0000] {subprocess.py:93} INFO - [0m05:25:19  1 of 4 OK created sql view model public.bronze_data ............................ [[32mSUCCESS 1[0m in 2.75s]
[2025-12-10T05:25:19.352+0000] {subprocess.py:93} INFO - [0m05:25:19  2 of 4 START sql table model public.dim_symbol ................................. [RUN]
[2025-12-10T05:25:20.738+0000] {subprocess.py:93} INFO - [0m05:25:20  2 of 4 ERROR creating sql table model public.dim_symbol ........................ [[31mERROR[0m in 1.38s]
[2025-12-10T05:25:20.742+0000] {subprocess.py:93} INFO - [0m05:25:20  3 of 4 START sql incremental model public.silver_transformations ............... [RUN]
[2025-12-10T05:25:25.905+0000] {subprocess.py:93} INFO - [0m05:25:25  3 of 4 OK created sql incremental model public.silver_transformations .......... [[32mSUCCESS 0[0m in 5.16s]
[2025-12-10T05:25:25.914+0000] {subprocess.py:93} INFO - [0m05:25:25  4 of 4 SKIP relation public.fact_trades ........................................ [[33mSKIP[0m]
[2025-12-10T05:25:25.927+0000] {subprocess.py:93} INFO - [0m05:25:25
[2025-12-10T05:25:25.928+0000] {subprocess.py:93} INFO - [0m05:25:25  Finished running 1 view model, 1 table model, 2 incremental models in 0 hours 0 minutes and 16.47 seconds (16.47s).
[2025-12-10T05:25:26.257+0000] {subprocess.py:93} INFO - [0m05:25:26
[2025-12-10T05:25:26.258+0000] {subprocess.py:93} INFO - [0m05:25:26  [31mCompleted with 1 error and 0 warnings:[0m
[2025-12-10T05:25:26.258+0000] {subprocess.py:93} INFO - [0m05:25:26
[2025-12-10T05:25:26.259+0000] {subprocess.py:93} INFO - [0m05:25:26    Database Error in model dim_symbol (models/gold/dim_symbol.sql)
[2025-12-10T05:25:26.260+0000] {subprocess.py:93} INFO -   002003 (42S02): SQL compilation error:
[2025-12-10T05:25:26.260+0000] {subprocess.py:93} INFO -   Object 'STREAMING_DB.PUBLIC.DIM_SYMBOL_SNAPSHOT' does not exist or not authorized.
[2025-12-10T05:25:26.260+0000] {subprocess.py:93} INFO -   compiled code at target/run/crypto_transform/models/gold/dim_symbol.sql
[2025-12-10T05:25:26.260+0000] {subprocess.py:93} INFO - [0m05:25:26
[2025-12-10T05:25:26.261+0000] {subprocess.py:93} INFO - [0m05:25:26  Done. PASS=2 WARN=0 ERROR=1 SKIP=1 TOTAL=4
[2025-12-10T05:25:29.524+0000] {subprocess.py:97} INFO - Command exited with return code 1
[2025-12-10T05:25:29.548+0000] {taskinstance.py:1935} ERROR - Task failed with exception
Traceback (most recent call last):
  File "/home/airflow/.local/lib/python3.8/site-packages/airflow/operators/bash.py", line 210, in execute
    raise AirflowException(
airflow.exceptions.AirflowException: Bash command failed. The command returned a non-zero exit code 1.
[2025-12-10T05:25:29.553+0000] {taskinstance.py:1398} INFO - Marking task as FAILED. dag_id=crypto_dbt_docker, task_id=dbt_run, execution_date=20251210T052400, start_date=20251210T052502, end_date=20251210T052529
[2025-12-10T05:25:29.578+0000] {standard_task_runner.py:104} ERROR - Failed to execute job 83 for task dbt_run (Bash command failed. The command returned a non-zero exit code 1.; 2932)
[2025-12-10T05:25:29.624+0000] {local_task_job_runner.py:228} INFO - Task exited with return code 1
[2025-12-10T05:25:29.661+0000] {taskinstance.py:2776} INFO - 0 downstream tasks scheduled from follow-on schedule check
