[2025-12-10T04:26:01.167+0000] {taskinstance.py:1157} INFO - Dependencies all met for dep_context=non-requeueable deps ti=<TaskInstance: crypto_dbt_docker.dbt_run scheduled__2025-12-10T04:25:00+00:00 [queued]>
[2025-12-10T04:26:01.175+0000] {taskinstance.py:1157} INFO - Dependencies all met for dep_context=requeueable deps ti=<TaskInstance: crypto_dbt_docker.dbt_run scheduled__2025-12-10T04:25:00+00:00 [queued]>
[2025-12-10T04:26:01.176+0000] {taskinstance.py:1359} INFO - Starting attempt 1 of 1
[2025-12-10T04:26:01.192+0000] {taskinstance.py:1380} INFO - Executing <Task(BashOperator): dbt_run> on 2025-12-10 04:25:00+00:00
[2025-12-10T04:26:01.199+0000] {standard_task_runner.py:57} INFO - Started process 1542 to run task
[2025-12-10T04:26:01.203+0000] {standard_task_runner.py:84} INFO - Running: ['***', 'tasks', 'run', 'crypto_dbt_docker', 'dbt_run', 'scheduled__2025-12-10T04:25:00+00:00', '--job-id', '54', '--raw', '--subdir', 'DAGS_FOLDER/dbt_pipeline.py', '--cfg-path', '/tmp/tmp_0vc3i75']
[2025-12-10T04:26:01.206+0000] {standard_task_runner.py:85} INFO - Job 54: Subtask dbt_run
[2025-12-10T04:26:01.233+0000] {logging_mixin.py:151} WARNING - /home/***/.local/lib/python3.8/site-packages/***/settings.py:195 DeprecationWarning: The sql_alchemy_conn option in [core] has been moved to the sql_alchemy_conn option in [database] - the old setting has been used, but please update your config.
[2025-12-10T04:26:01.282+0000] {task_command.py:415} INFO - Running <TaskInstance: crypto_dbt_docker.dbt_run scheduled__2025-12-10T04:25:00+00:00 [running]> on host 35423fd881ec
[2025-12-10T04:26:01.392+0000] {taskinstance.py:1660} INFO - Exporting env vars: AIRFLOW_CTX_DAG_OWNER='***' AIRFLOW_CTX_DAG_ID='crypto_dbt_docker' AIRFLOW_CTX_TASK_ID='dbt_run' AIRFLOW_CTX_EXECUTION_DATE='2025-12-10T04:25:00+00:00' AIRFLOW_CTX_TRY_NUMBER='1' AIRFLOW_CTX_DAG_RUN_ID='scheduled__2025-12-10T04:25:00+00:00'
[2025-12-10T04:26:01.393+0000] {subprocess.py:63} INFO - Tmp dir root location: /tmp
[2025-12-10T04:26:01.395+0000] {subprocess.py:75} INFO - Running command: ['/bin/bash', '-c', 'dbt run --project-dir /opt/***/dbt_project --profiles-dir /opt/***/dbt_profiles']
[2025-12-10T04:26:01.409+0000] {subprocess.py:86} INFO - Output:
[2025-12-10T04:26:03.357+0000] {subprocess.py:93} INFO - [0m04:26:03  Running with dbt=1.8.7
[2025-12-10T04:26:04.432+0000] {subprocess.py:93} INFO - [0m04:26:04  Registered adapter: snowflake=1.8.4
[2025-12-10T04:26:05.078+0000] {subprocess.py:93} INFO - [0m04:26:05  [[33mWARNING[0m]: Configuration paths exist in your dbt_project.yml file which do not apply to any resources.
[2025-12-10T04:26:05.078+0000] {subprocess.py:93} INFO - There are 2 unused configuration paths:
[2025-12-10T04:26:05.078+0000] {subprocess.py:93} INFO - - models.crypto_transform.silver
[2025-12-10T04:26:05.078+0000] {subprocess.py:93} INFO - - models.crypto_transform.gold
[2025-12-10T04:26:05.204+0000] {subprocess.py:93} INFO - [0m04:26:05  Found 1 model, 1 source, 454 macros
[2025-12-10T04:26:05.206+0000] {subprocess.py:93} INFO - [0m04:26:05
[2025-12-10T04:26:08.874+0000] {subprocess.py:93} INFO - [0m04:26:08  Concurrency: 1 threads (target='dev')
[2025-12-10T04:26:08.875+0000] {subprocess.py:93} INFO - [0m04:26:08
[2025-12-10T04:26:08.892+0000] {subprocess.py:93} INFO - [0m04:26:08  1 of 1 START sql view model public.bronze_data ................................. [RUN]
[2025-12-10T04:26:10.847+0000] {subprocess.py:93} INFO - [0m04:26:10  1 of 1 ERROR creating sql view model public.bronze_data ........................ [[31mERROR[0m in 1.95s]
[2025-12-10T04:26:10.851+0000] {subprocess.py:93} INFO - [0m04:26:10
[2025-12-10T04:26:10.852+0000] {subprocess.py:93} INFO - [0m04:26:10  Finished running 1 view model in 0 hours 0 minutes and 5.64 seconds (5.64s).
[2025-12-10T04:26:10.892+0000] {subprocess.py:93} INFO - [0m04:26:10
[2025-12-10T04:26:10.893+0000] {subprocess.py:93} INFO - [0m04:26:10  [31mCompleted with 1 error and 0 warnings:[0m
[2025-12-10T04:26:10.893+0000] {subprocess.py:93} INFO - [0m04:26:10
[2025-12-10T04:26:10.894+0000] {subprocess.py:93} INFO - [0m04:26:10    Database Error in model bronze_data (models/bronze/bronze_data.sql)
[2025-12-10T04:26:10.894+0000] {subprocess.py:93} INFO -   002040 (42601): SQL compilation error:
[2025-12-10T04:26:10.894+0000] {subprocess.py:93} INFO -   Unsupported data type 'TICER'.
[2025-12-10T04:26:10.894+0000] {subprocess.py:93} INFO -   compiled code at target/run/crypto_transform/models/bronze/bronze_data.sql
[2025-12-10T04:26:10.895+0000] {subprocess.py:93} INFO - [0m04:26:10
[2025-12-10T04:26:10.895+0000] {subprocess.py:93} INFO - [0m04:26:10  Done. PASS=0 WARN=0 ERROR=1 SKIP=0 TOTAL=1
[2025-12-10T04:26:14.731+0000] {subprocess.py:97} INFO - Command exited with return code 1
[2025-12-10T04:26:14.746+0000] {taskinstance.py:1935} ERROR - Task failed with exception
Traceback (most recent call last):
  File "/home/airflow/.local/lib/python3.8/site-packages/airflow/operators/bash.py", line 210, in execute
    raise AirflowException(
airflow.exceptions.AirflowException: Bash command failed. The command returned a non-zero exit code 1.
[2025-12-10T04:26:14.749+0000] {taskinstance.py:1398} INFO - Marking task as FAILED. dag_id=crypto_dbt_docker, task_id=dbt_run, execution_date=20251210T042500, start_date=20251210T042601, end_date=20251210T042614
[2025-12-10T04:26:14.763+0000] {standard_task_runner.py:104} ERROR - Failed to execute job 54 for task dbt_run (Bash command failed. The command returned a non-zero exit code 1.; 1542)
[2025-12-10T04:26:14.783+0000] {local_task_job_runner.py:228} INFO - Task exited with return code 1
[2025-12-10T04:26:14.805+0000] {taskinstance.py:2776} INFO - 0 downstream tasks scheduled from follow-on schedule check
