[2025-12-10T15:57:01.505+0000] {taskinstance.py:1157} INFO - Dependencies all met for dep_context=non-requeueable deps ti=<TaskInstance: crypto_dbt_docker.dbt_run scheduled__2025-12-10T15:56:00+00:00 [queued]>
[2025-12-10T15:57:01.512+0000] {taskinstance.py:1157} INFO - Dependencies all met for dep_context=requeueable deps ti=<TaskInstance: crypto_dbt_docker.dbt_run scheduled__2025-12-10T15:56:00+00:00 [queued]>
[2025-12-10T15:57:01.512+0000] {taskinstance.py:1359} INFO - Starting attempt 1 of 1
[2025-12-10T15:57:01.523+0000] {taskinstance.py:1380} INFO - Executing <Task(BashOperator): dbt_run> on 2025-12-10 15:56:00+00:00
[2025-12-10T15:57:01.530+0000] {standard_task_runner.py:57} INFO - Started process 263 to run task
[2025-12-10T15:57:01.534+0000] {standard_task_runner.py:84} INFO - Running: ['***', 'tasks', 'run', 'crypto_dbt_docker', 'dbt_run', 'scheduled__2025-12-10T15:56:00+00:00', '--job-id', '95', '--raw', '--subdir', 'DAGS_FOLDER/dbt_pipeline.py', '--cfg-path', '/tmp/tmpz3e325df']
[2025-12-10T15:57:01.536+0000] {standard_task_runner.py:85} INFO - Job 95: Subtask dbt_run
[2025-12-10T15:57:01.555+0000] {logging_mixin.py:151} WARNING - /home/***/.local/lib/python3.8/site-packages/***/settings.py:195 DeprecationWarning: The sql_alchemy_conn option in [core] has been moved to the sql_alchemy_conn option in [database] - the old setting has been used, but please update your config.
[2025-12-10T15:57:01.596+0000] {task_command.py:415} INFO - Running <TaskInstance: crypto_dbt_docker.dbt_run scheduled__2025-12-10T15:56:00+00:00 [running]> on host 35423fd881ec
[2025-12-10T15:57:01.685+0000] {taskinstance.py:1660} INFO - Exporting env vars: AIRFLOW_CTX_DAG_OWNER='***' AIRFLOW_CTX_DAG_ID='crypto_dbt_docker' AIRFLOW_CTX_TASK_ID='dbt_run' AIRFLOW_CTX_EXECUTION_DATE='2025-12-10T15:56:00+00:00' AIRFLOW_CTX_TRY_NUMBER='1' AIRFLOW_CTX_DAG_RUN_ID='scheduled__2025-12-10T15:56:00+00:00'
[2025-12-10T15:57:01.687+0000] {subprocess.py:63} INFO - Tmp dir root location: /tmp
[2025-12-10T15:57:01.688+0000] {subprocess.py:75} INFO - Running command: ['/bin/bash', '-c', 'dbt run --project-dir /opt/***/dbt_project --profiles-dir /opt/***/dbt_profiles']
[2025-12-10T15:57:01.703+0000] {subprocess.py:86} INFO - Output:
[2025-12-10T15:57:03.587+0000] {subprocess.py:93} INFO - [0m15:57:03  Running with dbt=1.8.7
[2025-12-10T15:57:04.514+0000] {subprocess.py:93} INFO - [0m15:57:04  Registered adapter: snowflake=1.8.4
[2025-12-10T15:57:05.118+0000] {subprocess.py:93} INFO - [0m15:57:05  Found 5 models, 1 snapshot, 1 seed, 1 source, 454 macros
[2025-12-10T15:57:05.120+0000] {subprocess.py:93} INFO - [0m15:57:05
[2025-12-10T15:57:23.052+0000] {subprocess.py:93} INFO - [0m15:57:23  Concurrency: 1 threads (target='dev')
[2025-12-10T15:57:23.053+0000] {subprocess.py:93} INFO - [0m15:57:23
[2025-12-10T15:57:23.065+0000] {subprocess.py:93} INFO - [0m15:57:23  1 of 5 START sql view model public.bronze_data ................................. [RUN]
[2025-12-10T15:57:46.707+0000] {subprocess.py:93} INFO - [0m15:57:46  1 of 5 OK created sql view model public.bronze_data ............................ [[32mSUCCESS 1[0m in 23.64s]
[2025-12-10T15:57:46.715+0000] {subprocess.py:93} INFO - [0m15:57:46  2 of 5 START sql table model public.dim_symbol ................................. [RUN]
[2025-12-10T15:58:04.894+0000] {subprocess.py:93} INFO - [0m15:58:04  2 of 5 OK created sql table model public.dim_symbol ............................ [[32mSUCCESS 1[0m in 18.18s]
[2025-12-10T15:58:04.898+0000] {subprocess.py:93} INFO - [0m15:58:04  3 of 5 START sql incremental model public.silver_transformations ............... [RUN]
[2025-12-10T15:58:20.578+0000] {subprocess.py:93} INFO - [0m15:58:20  3 of 5 OK created sql incremental model public.silver_transformations .......... [[32mSUCCESS 0[0m in 15.68s]
[2025-12-10T15:58:20.581+0000] {subprocess.py:93} INFO - [0m15:58:20  4 of 5 START sql incremental model public.fact_trades .......................... [RUN]
[2025-12-10T15:59:05.974+0000] {subprocess.py:93} INFO - [0m15:59:05  4 of 5 OK created sql incremental model public.fact_trades ..................... [[32mSUCCESS 0[0m in 45.39s]
[2025-12-10T15:59:05.978+0000] {subprocess.py:93} INFO - [0m15:59:05  5 of 5 START sql view model public.gold_consumption_view ....................... [RUN]
[2025-12-10T15:59:15.100+0000] {subprocess.py:93} INFO - [0m15:59:15  5 of 5 ERROR creating sql view model public.gold_consumption_view .............. [[31mERROR[0m in 9.12s]
[2025-12-10T15:59:15.105+0000] {subprocess.py:93} INFO - [0m15:59:15
[2025-12-10T15:59:15.105+0000] {subprocess.py:93} INFO - [0m15:59:15  Finished running 2 view models, 1 table model, 2 incremental models in 0 hours 2 minutes and 9.98 seconds (129.98s).
[2025-12-10T15:59:15.146+0000] {subprocess.py:93} INFO - [0m15:59:15
[2025-12-10T15:59:15.146+0000] {subprocess.py:93} INFO - [0m15:59:15  [31mCompleted with 1 error and 0 warnings:[0m
[2025-12-10T15:59:15.147+0000] {subprocess.py:93} INFO - [0m15:59:15
[2025-12-10T15:59:15.147+0000] {subprocess.py:93} INFO - [0m15:59:15    Database Error in model gold_consumption_view (models/gold/gold_consumption_view.sql)
[2025-12-10T15:59:15.148+0000] {subprocess.py:93} INFO -   000904 (42000): SQL compilation error: error line 9 at position 4
[2025-12-10T15:59:15.148+0000] {subprocess.py:93} INFO -   invalid identifier 'F.TICKER'
[2025-12-10T15:59:15.148+0000] {subprocess.py:93} INFO -   compiled code at target/run/crypto_transform/models/gold/gold_consumption_view.sql
[2025-12-10T15:59:15.148+0000] {subprocess.py:93} INFO - [0m15:59:15
[2025-12-10T15:59:15.149+0000] {subprocess.py:93} INFO - [0m15:59:15  Done. PASS=4 WARN=0 ERROR=1 SKIP=0 TOTAL=5
[2025-12-10T15:59:24.861+0000] {subprocess.py:97} INFO - Command exited with return code 1
[2025-12-10T15:59:24.878+0000] {taskinstance.py:1935} ERROR - Task failed with exception
Traceback (most recent call last):
  File "/home/airflow/.local/lib/python3.8/site-packages/airflow/operators/bash.py", line 210, in execute
    raise AirflowException(
airflow.exceptions.AirflowException: Bash command failed. The command returned a non-zero exit code 1.
[2025-12-10T15:59:24.882+0000] {taskinstance.py:1398} INFO - Marking task as FAILED. dag_id=crypto_dbt_docker, task_id=dbt_run, execution_date=20251210T155600, start_date=20251210T155701, end_date=20251210T155924
[2025-12-10T15:59:24.900+0000] {standard_task_runner.py:104} ERROR - Failed to execute job 95 for task dbt_run (Bash command failed. The command returned a non-zero exit code 1.; 263)
[2025-12-10T15:59:24.927+0000] {local_task_job_runner.py:228} INFO - Task exited with return code 1
[2025-12-10T15:59:24.950+0000] {taskinstance.py:2776} INFO - 0 downstream tasks scheduled from follow-on schedule check
