[2025-12-10T16:03:02.375+0000] {taskinstance.py:1157} INFO - Dependencies all met for dep_context=non-requeueable deps ti=<TaskInstance: crypto_dbt_docker.dbt_run scheduled__2025-12-10T16:02:00+00:00 [queued]>
[2025-12-10T16:03:02.381+0000] {taskinstance.py:1157} INFO - Dependencies all met for dep_context=requeueable deps ti=<TaskInstance: crypto_dbt_docker.dbt_run scheduled__2025-12-10T16:02:00+00:00 [queued]>
[2025-12-10T16:03:02.382+0000] {taskinstance.py:1359} INFO - Starting attempt 1 of 1
[2025-12-10T16:03:02.392+0000] {taskinstance.py:1380} INFO - Executing <Task(BashOperator): dbt_run> on 2025-12-10 16:02:00+00:00
[2025-12-10T16:03:02.399+0000] {standard_task_runner.py:57} INFO - Started process 480 to run task
[2025-12-10T16:03:02.403+0000] {standard_task_runner.py:84} INFO - Running: ['***', 'tasks', 'run', 'crypto_dbt_docker', 'dbt_run', 'scheduled__2025-12-10T16:02:00+00:00', '--job-id', '101', '--raw', '--subdir', 'DAGS_FOLDER/dbt_pipeline.py', '--cfg-path', '/tmp/tmpapyczugq']
[2025-12-10T16:03:02.405+0000] {standard_task_runner.py:85} INFO - Job 101: Subtask dbt_run
[2025-12-10T16:03:02.425+0000] {logging_mixin.py:151} WARNING - /home/***/.local/lib/python3.8/site-packages/***/settings.py:195 DeprecationWarning: The sql_alchemy_conn option in [core] has been moved to the sql_alchemy_conn option in [database] - the old setting has been used, but please update your config.
[2025-12-10T16:03:02.464+0000] {task_command.py:415} INFO - Running <TaskInstance: crypto_dbt_docker.dbt_run scheduled__2025-12-10T16:02:00+00:00 [running]> on host 35423fd881ec
[2025-12-10T16:03:02.554+0000] {taskinstance.py:1660} INFO - Exporting env vars: AIRFLOW_CTX_DAG_OWNER='***' AIRFLOW_CTX_DAG_ID='crypto_dbt_docker' AIRFLOW_CTX_TASK_ID='dbt_run' AIRFLOW_CTX_EXECUTION_DATE='2025-12-10T16:02:00+00:00' AIRFLOW_CTX_TRY_NUMBER='1' AIRFLOW_CTX_DAG_RUN_ID='scheduled__2025-12-10T16:02:00+00:00'
[2025-12-10T16:03:02.556+0000] {subprocess.py:63} INFO - Tmp dir root location: /tmp
[2025-12-10T16:03:02.557+0000] {subprocess.py:75} INFO - Running command: ['/bin/bash', '-c', 'dbt run --project-dir /opt/***/dbt_project --profiles-dir /opt/***/dbt_profiles']
[2025-12-10T16:03:02.571+0000] {subprocess.py:86} INFO - Output:
[2025-12-10T16:03:04.407+0000] {subprocess.py:93} INFO - [0m16:03:04  Running with dbt=1.8.7
[2025-12-10T16:03:05.395+0000] {subprocess.py:93} INFO - [0m16:03:05  Registered adapter: snowflake=1.8.4
[2025-12-10T16:03:05.943+0000] {subprocess.py:93} INFO - [0m16:03:05  Found 5 models, 1 snapshot, 1 seed, 1 source, 454 macros
[2025-12-10T16:03:05.945+0000] {subprocess.py:93} INFO - [0m16:03:05
[2025-12-10T16:04:09.407+0000] {subprocess.py:93} INFO - [0m16:04:09
[2025-12-10T16:04:09.408+0000] {subprocess.py:93} INFO - [0m16:04:09  Finished running  in 0 hours 1 minutes and 3.46 seconds (63.46s).
[2025-12-10T16:04:09.408+0000] {subprocess.py:93} INFO - [0m16:04:09  Encountered an error:
[2025-12-10T16:04:09.409+0000] {subprocess.py:93} INFO - Runtime Error
[2025-12-10T16:04:09.409+0000] {subprocess.py:93} INFO -   Database error while listing schemas in database "streaming_db"
[2025-12-10T16:04:09.409+0000] {subprocess.py:93} INFO -   Database Error
[2025-12-10T16:04:09.409+0000] {subprocess.py:93} INFO -     250001: Could not connect to Snowflake backend after 1 attempt(s).Aborting
[2025-12-10T16:04:15.045+0000] {subprocess.py:97} INFO - Command exited with return code 2
[2025-12-10T16:04:15.060+0000] {taskinstance.py:1935} ERROR - Task failed with exception
Traceback (most recent call last):
  File "/home/airflow/.local/lib/python3.8/site-packages/airflow/operators/bash.py", line 210, in execute
    raise AirflowException(
airflow.exceptions.AirflowException: Bash command failed. The command returned a non-zero exit code 2.
[2025-12-10T16:04:15.064+0000] {taskinstance.py:1398} INFO - Marking task as FAILED. dag_id=crypto_dbt_docker, task_id=dbt_run, execution_date=20251210T160200, start_date=20251210T160302, end_date=20251210T160415
[2025-12-10T16:04:15.080+0000] {standard_task_runner.py:104} ERROR - Failed to execute job 101 for task dbt_run (Bash command failed. The command returned a non-zero exit code 2.; 480)
[2025-12-10T16:04:15.122+0000] {local_task_job_runner.py:228} INFO - Task exited with return code 1
[2025-12-10T16:04:15.144+0000] {taskinstance.py:2776} INFO - 0 downstream tasks scheduled from follow-on schedule check
