[2025-12-10T05:28:01.453+0000] {taskinstance.py:1157} INFO - Dependencies all met for dep_context=non-requeueable deps ti=<TaskInstance: crypto_dbt_docker.dbt_run scheduled__2025-12-10T05:27:00+00:00 [queued]>
[2025-12-10T05:28:01.466+0000] {taskinstance.py:1157} INFO - Dependencies all met for dep_context=requeueable deps ti=<TaskInstance: crypto_dbt_docker.dbt_run scheduled__2025-12-10T05:27:00+00:00 [queued]>
[2025-12-10T05:28:01.466+0000] {taskinstance.py:1359} INFO - Starting attempt 1 of 1
[2025-12-10T05:28:01.503+0000] {taskinstance.py:1380} INFO - Executing <Task(BashOperator): dbt_run> on 2025-12-10 05:27:00+00:00
[2025-12-10T05:28:01.514+0000] {standard_task_runner.py:57} INFO - Started process 3081 to run task
[2025-12-10T05:28:01.521+0000] {standard_task_runner.py:84} INFO - Running: ['***', 'tasks', 'run', 'crypto_dbt_docker', 'dbt_run', 'scheduled__2025-12-10T05:27:00+00:00', '--job-id', '86', '--raw', '--subdir', 'DAGS_FOLDER/dbt_pipeline.py', '--cfg-path', '/tmp/tmp4avi8j3t']
[2025-12-10T05:28:01.525+0000] {standard_task_runner.py:85} INFO - Job 86: Subtask dbt_run
[2025-12-10T05:28:01.560+0000] {logging_mixin.py:151} WARNING - /home/***/.local/lib/python3.8/site-packages/***/settings.py:195 DeprecationWarning: The sql_alchemy_conn option in [core] has been moved to the sql_alchemy_conn option in [database] - the old setting has been used, but please update your config.
[2025-12-10T05:28:01.631+0000] {task_command.py:415} INFO - Running <TaskInstance: crypto_dbt_docker.dbt_run scheduled__2025-12-10T05:27:00+00:00 [running]> on host 35423fd881ec
[2025-12-10T05:28:01.797+0000] {taskinstance.py:1660} INFO - Exporting env vars: AIRFLOW_CTX_DAG_OWNER='***' AIRFLOW_CTX_DAG_ID='crypto_dbt_docker' AIRFLOW_CTX_TASK_ID='dbt_run' AIRFLOW_CTX_EXECUTION_DATE='2025-12-10T05:27:00+00:00' AIRFLOW_CTX_TRY_NUMBER='1' AIRFLOW_CTX_DAG_RUN_ID='scheduled__2025-12-10T05:27:00+00:00'
[2025-12-10T05:28:01.799+0000] {subprocess.py:63} INFO - Tmp dir root location: /tmp
[2025-12-10T05:28:01.801+0000] {subprocess.py:75} INFO - Running command: ['/bin/bash', '-c', 'dbt run --project-dir /opt/***/dbt_project --profiles-dir /opt/***/dbt_profiles']
[2025-12-10T05:28:01.821+0000] {subprocess.py:86} INFO - Output:
[2025-12-10T05:28:04.872+0000] {subprocess.py:93} INFO - [0m05:28:04  Running with dbt=1.8.7
[2025-12-10T05:28:06.429+0000] {subprocess.py:93} INFO - [0m05:28:06  Registered adapter: snowflake=1.8.4
[2025-12-10T05:28:07.301+0000] {subprocess.py:93} INFO - [0m05:28:07  Found 4 models, 1 snapshot, 1 seed, 1 source, 454 macros
[2025-12-10T05:28:07.305+0000] {subprocess.py:93} INFO - [0m05:28:07
[2025-12-10T05:28:10.808+0000] {subprocess.py:93} INFO - [0m05:28:10  Concurrency: 1 threads (target='dev')
[2025-12-10T05:28:10.809+0000] {subprocess.py:93} INFO - [0m05:28:10
[2025-12-10T05:28:10.828+0000] {subprocess.py:93} INFO - [0m05:28:10  1 of 4 START sql view model public.bronze_data ................................. [RUN]
[2025-12-10T05:28:10.622+0000] {subprocess.py:93} INFO - [0m05:28:10  1 of 4 OK created sql view model public.bronze_data ............................ [[32mSUCCESS 1[0m in -0.21s]
[2025-12-10T05:28:10.627+0000] {subprocess.py:93} INFO - [0m05:28:10  2 of 4 START sql table model public.dim_symbol ................................. [RUN]
[2025-12-10T05:28:11.991+0000] {subprocess.py:93} INFO - [0m05:28:11  2 of 4 ERROR creating sql table model public.dim_symbol ........................ [[31mERROR[0m in 1.36s]
[2025-12-10T05:28:11.995+0000] {subprocess.py:93} INFO - [0m05:28:11  3 of 4 START sql incremental model public.silver_transformations ............... [RUN]
[2025-12-10T05:28:17.972+0000] {subprocess.py:93} INFO - [0m05:28:17  3 of 4 OK created sql incremental model public.silver_transformations .......... [[32mSUCCESS 0[0m in 5.97s]
[2025-12-10T05:28:17.987+0000] {subprocess.py:93} INFO - [0m05:28:17  4 of 4 SKIP relation public.fact_trades ........................................ [[33mSKIP[0m]
[2025-12-10T05:28:17.995+0000] {subprocess.py:93} INFO - [0m05:28:17
[2025-12-10T05:28:17.996+0000] {subprocess.py:93} INFO - [0m05:28:17  Finished running 1 view model, 1 table model, 2 incremental models in 0 hours 0 minutes and 10.69 seconds (10.69s).
[2025-12-10T05:28:18.069+0000] {subprocess.py:93} INFO - [0m05:28:18
[2025-12-10T05:28:18.069+0000] {subprocess.py:93} INFO - [0m05:28:18  [31mCompleted with 1 error and 0 warnings:[0m
[2025-12-10T05:28:18.071+0000] {subprocess.py:93} INFO - [0m05:28:18
[2025-12-10T05:28:18.072+0000] {subprocess.py:93} INFO - [0m05:28:18    Database Error in model dim_symbol (models/gold/dim_symbol.sql)
[2025-12-10T05:28:18.072+0000] {subprocess.py:93} INFO -   002003 (42S02): SQL compilation error:
[2025-12-10T05:28:18.073+0000] {subprocess.py:93} INFO -   Object 'STREAMING_DB.PUBLIC.DIM_SYMBOL_SNAPSHOT' does not exist or not authorized.
[2025-12-10T05:28:18.073+0000] {subprocess.py:93} INFO -   compiled code at target/run/crypto_transform/models/gold/dim_symbol.sql
[2025-12-10T05:28:18.074+0000] {subprocess.py:93} INFO - [0m05:28:18
[2025-12-10T05:28:18.074+0000] {subprocess.py:93} INFO - [0m05:28:18  Done. PASS=2 WARN=0 ERROR=1 SKIP=1 TOTAL=4
[2025-12-10T05:28:20.420+0000] {subprocess.py:97} INFO - Command exited with return code 1
[2025-12-10T05:28:20.442+0000] {taskinstance.py:1935} ERROR - Task failed with exception
Traceback (most recent call last):
  File "/home/airflow/.local/lib/python3.8/site-packages/airflow/operators/bash.py", line 210, in execute
    raise AirflowException(
airflow.exceptions.AirflowException: Bash command failed. The command returned a non-zero exit code 1.
[2025-12-10T05:28:20.447+0000] {taskinstance.py:1398} INFO - Marking task as FAILED. dag_id=crypto_dbt_docker, task_id=dbt_run, execution_date=20251210T052700, start_date=20251210T052801, end_date=20251210T052820
[2025-12-10T05:28:20.474+0000] {standard_task_runner.py:104} ERROR - Failed to execute job 86 for task dbt_run (Bash command failed. The command returned a non-zero exit code 1.; 3081)
[2025-12-10T05:28:20.523+0000] {local_task_job_runner.py:228} INFO - Task exited with return code 1
[2025-12-10T05:28:20.563+0000] {taskinstance.py:2776} INFO - 0 downstream tasks scheduled from follow-on schedule check
