[2025-12-10T05:19:03.050+0000] {taskinstance.py:1157} INFO - Dependencies all met for dep_context=non-requeueable deps ti=<TaskInstance: crypto_dbt_docker.dbt_test scheduled__2025-12-10T04:50:00+00:00 [queued]>
[2025-12-10T05:19:03.067+0000] {taskinstance.py:1157} INFO - Dependencies all met for dep_context=requeueable deps ti=<TaskInstance: crypto_dbt_docker.dbt_test scheduled__2025-12-10T04:50:00+00:00 [queued]>
[2025-12-10T05:19:03.068+0000] {taskinstance.py:1359} INFO - Starting attempt 1 of 1
[2025-12-10T05:19:03.115+0000] {taskinstance.py:1380} INFO - Executing <Task(BashOperator): dbt_test> on 2025-12-10 04:50:00+00:00
[2025-12-10T05:19:03.136+0000] {standard_task_runner.py:57} INFO - Started process 2634 to run task
[2025-12-10T05:19:03.151+0000] {standard_task_runner.py:84} INFO - Running: ['***', 'tasks', 'run', 'crypto_dbt_docker', 'dbt_test', 'scheduled__2025-12-10T04:50:00+00:00', '--job-id', '75', '--raw', '--subdir', 'DAGS_FOLDER/dbt_pipeline.py', '--cfg-path', '/tmp/tmplsmz857a']
[2025-12-10T05:19:03.173+0000] {standard_task_runner.py:85} INFO - Job 75: Subtask dbt_test
[2025-12-10T05:19:03.300+0000] {logging_mixin.py:151} WARNING - /home/***/.local/lib/python3.8/site-packages/***/settings.py:195 DeprecationWarning: The sql_alchemy_conn option in [core] has been moved to the sql_alchemy_conn option in [database] - the old setting has been used, but please update your config.
[2025-12-10T05:19:03.477+0000] {task_command.py:415} INFO - Running <TaskInstance: crypto_dbt_docker.dbt_test scheduled__2025-12-10T04:50:00+00:00 [running]> on host 35423fd881ec
[2025-12-10T05:19:03.743+0000] {taskinstance.py:1660} INFO - Exporting env vars: AIRFLOW_CTX_DAG_OWNER='***' AIRFLOW_CTX_DAG_ID='crypto_dbt_docker' AIRFLOW_CTX_TASK_ID='dbt_test' AIRFLOW_CTX_EXECUTION_DATE='2025-12-10T04:50:00+00:00' AIRFLOW_CTX_TRY_NUMBER='1' AIRFLOW_CTX_DAG_RUN_ID='scheduled__2025-12-10T04:50:00+00:00'
[2025-12-10T05:19:03.746+0000] {subprocess.py:63} INFO - Tmp dir root location: /tmp
[2025-12-10T05:19:03.749+0000] {subprocess.py:75} INFO - Running command: ['/bin/bash', '-c', 'dbt test --project-dir /opt/***/dbt_project --profiles-dir /opt/***/dbt_profiles']
[2025-12-10T05:19:03.793+0000] {subprocess.py:86} INFO - Output:
[2025-12-10T05:19:08.578+0000] {subprocess.py:93} INFO - [0m05:19:08  Running with dbt=1.8.7
[2025-12-10T05:19:10.509+0000] {subprocess.py:93} INFO - [0m05:19:10  Registered adapter: snowflake=1.8.4
[2025-12-10T05:19:11.608+0000] {subprocess.py:93} INFO - [0m05:19:11  Encountered an error:
[2025-12-10T05:19:11.609+0000] {subprocess.py:93} INFO - Compilation Error in snapshot dim_symbol_snapshot (snapshots/dim_symbol_snapshot.sql)
[2025-12-10T05:19:11.609+0000] {subprocess.py:93} INFO -   invalid syntax for function call expression
[2025-12-10T05:19:11.609+0000] {subprocess.py:93} INFO -     line 4
[2025-12-10T05:19:11.610+0000] {subprocess.py:93} INFO -       config(
[2025-12-10T05:19:14.472+0000] {subprocess.py:97} INFO - Command exited with return code 2
[2025-12-10T05:19:14.495+0000] {taskinstance.py:1935} ERROR - Task failed with exception
Traceback (most recent call last):
  File "/home/airflow/.local/lib/python3.8/site-packages/airflow/operators/bash.py", line 210, in execute
    raise AirflowException(
airflow.exceptions.AirflowException: Bash command failed. The command returned a non-zero exit code 2.
[2025-12-10T05:19:14.501+0000] {taskinstance.py:1398} INFO - Marking task as FAILED. dag_id=crypto_dbt_docker, task_id=dbt_test, execution_date=20251210T045000, start_date=20251210T051903, end_date=20251210T051914
[2025-12-10T05:19:14.524+0000] {standard_task_runner.py:104} ERROR - Failed to execute job 75 for task dbt_test (Bash command failed. The command returned a non-zero exit code 2.; 2634)
[2025-12-10T05:19:14.567+0000] {local_task_job_runner.py:228} INFO - Task exited with return code 1
[2025-12-10T05:19:14.595+0000] {taskinstance.py:2776} INFO - 0 downstream tasks scheduled from follow-on schedule check
