[2025-12-10T04:47:01.563+0000] {taskinstance.py:1157} INFO - Dependencies all met for dep_context=non-requeueable deps ti=<TaskInstance: crypto_dbt_docker.dbt_run scheduled__2025-12-10T04:46:00+00:00 [queued]>
[2025-12-10T04:47:01.577+0000] {taskinstance.py:1157} INFO - Dependencies all met for dep_context=requeueable deps ti=<TaskInstance: crypto_dbt_docker.dbt_run scheduled__2025-12-10T04:46:00+00:00 [queued]>
[2025-12-10T04:47:01.577+0000] {taskinstance.py:1359} INFO - Starting attempt 1 of 1
[2025-12-10T04:47:01.603+0000] {taskinstance.py:1380} INFO - Executing <Task(BashOperator): dbt_run> on 2025-12-10 04:46:00+00:00
[2025-12-10T04:47:01.622+0000] {standard_task_runner.py:57} INFO - Started process 2151 to run task
[2025-12-10T04:47:01.628+0000] {standard_task_runner.py:84} INFO - Running: ['***', 'tasks', 'run', 'crypto_dbt_docker', 'dbt_run', 'scheduled__2025-12-10T04:46:00+00:00', '--job-id', '68', '--raw', '--subdir', 'DAGS_FOLDER/dbt_pipeline.py', '--cfg-path', '/tmp/tmpdh3mlqox']
[2025-12-10T04:47:01.635+0000] {standard_task_runner.py:85} INFO - Job 68: Subtask dbt_run
[2025-12-10T04:47:01.675+0000] {logging_mixin.py:151} WARNING - /home/***/.local/lib/python3.8/site-packages/***/settings.py:195 DeprecationWarning: The sql_alchemy_conn option in [core] has been moved to the sql_alchemy_conn option in [database] - the old setting has been used, but please update your config.
[2025-12-10T04:47:01.765+0000] {task_command.py:415} INFO - Running <TaskInstance: crypto_dbt_docker.dbt_run scheduled__2025-12-10T04:46:00+00:00 [running]> on host 35423fd881ec
[2025-12-10T04:47:01.958+0000] {taskinstance.py:1660} INFO - Exporting env vars: AIRFLOW_CTX_DAG_OWNER='***' AIRFLOW_CTX_DAG_ID='crypto_dbt_docker' AIRFLOW_CTX_TASK_ID='dbt_run' AIRFLOW_CTX_EXECUTION_DATE='2025-12-10T04:46:00+00:00' AIRFLOW_CTX_TRY_NUMBER='1' AIRFLOW_CTX_DAG_RUN_ID='scheduled__2025-12-10T04:46:00+00:00'
[2025-12-10T04:47:01.960+0000] {subprocess.py:63} INFO - Tmp dir root location: /tmp
[2025-12-10T04:47:01.962+0000] {subprocess.py:75} INFO - Running command: ['/bin/bash', '-c', 'dbt run --project-dir /opt/***/dbt_project --profiles-dir /opt/***/dbt_profiles']
[2025-12-10T04:47:01.985+0000] {subprocess.py:86} INFO - Output:
[2025-12-10T04:47:03.712+0000] {subprocess.py:93} INFO - [0m04:47:03  Running with dbt=1.8.7
[2025-12-10T04:47:05.615+0000] {subprocess.py:93} INFO - [0m04:47:05  Registered adapter: snowflake=1.8.4
[2025-12-10T04:47:05.951+0000] {subprocess.py:93} INFO - [0m04:47:05  [[33mWARNING[0m]: Configuration paths exist in your dbt_project.yml file which do not apply to any resources.
[2025-12-10T04:47:05.952+0000] {subprocess.py:93} INFO - There are 1 unused configuration paths:
[2025-12-10T04:47:05.952+0000] {subprocess.py:93} INFO - - models.crypto_transform.gold
[2025-12-10T04:47:06.310+0000] {subprocess.py:93} INFO - [0m04:47:06  Found 2 models, 1 source, 454 macros
[2025-12-10T04:47:06.313+0000] {subprocess.py:93} INFO - [0m04:47:06
[2025-12-10T04:47:09.510+0000] {subprocess.py:93} INFO - [0m04:47:09  Concurrency: 1 threads (target='dev')
[2025-12-10T04:47:09.511+0000] {subprocess.py:93} INFO - [0m04:47:09
[2025-12-10T04:47:09.531+0000] {subprocess.py:93} INFO - [0m04:47:09  1 of 2 START sql view model public.bronze_data ................................. [RUN]
[2025-12-10T04:47:11.772+0000] {subprocess.py:93} INFO - [0m04:47:11  1 of 2 OK created sql view model public.bronze_data ............................ [[32mSUCCESS 1[0m in 2.23s]
[2025-12-10T04:47:11.778+0000] {subprocess.py:93} INFO - [0m04:47:11  2 of 2 START sql incremental model public.silver_transformations ............... [RUN]
[2025-12-10T04:47:13.415+0000] {subprocess.py:93} INFO - [0m04:47:13  2 of 2 ERROR creating sql incremental model public.silver_transformations ...... [[31mERROR[0m in 1.63s]
[2025-12-10T04:47:13.421+0000] {subprocess.py:93} INFO - [0m04:47:13
[2025-12-10T04:47:13.422+0000] {subprocess.py:93} INFO - [0m04:47:13  Finished running 1 view model, 1 incremental model in 0 hours 0 minutes and 7.11 seconds (7.11s).
[2025-12-10T04:47:13.501+0000] {subprocess.py:93} INFO - [0m04:47:13
[2025-12-10T04:47:13.502+0000] {subprocess.py:93} INFO - [0m04:47:13  [31mCompleted with 1 error and 0 warnings:[0m
[2025-12-10T04:47:13.503+0000] {subprocess.py:93} INFO - [0m04:47:13
[2025-12-10T04:47:13.504+0000] {subprocess.py:93} INFO - [0m04:47:13    Database Error in model silver_transformations (models/silver/silver_transformations.sql)
[2025-12-10T04:47:13.504+0000] {subprocess.py:93} INFO -   000606 (57P03): No active warehouse selected in the current session.  Select an active warehouse with the 'use warehouse' command.
[2025-12-10T04:47:13.504+0000] {subprocess.py:93} INFO - 
[2025-12-10T04:47:13.504+0000] {subprocess.py:93} INFO -   compiled code at target/run/crypto_transform/models/silver/silver_transformations.sql
[2025-12-10T04:47:13.505+0000] {subprocess.py:93} INFO - [0m04:47:13
[2025-12-10T04:47:13.505+0000] {subprocess.py:93} INFO - [0m04:47:13  Done. PASS=1 WARN=0 ERROR=1 SKIP=0 TOTAL=2
[2025-12-10T04:47:15.524+0000] {subprocess.py:97} INFO - Command exited with return code 1
[2025-12-10T04:47:15.548+0000] {taskinstance.py:1935} ERROR - Task failed with exception
Traceback (most recent call last):
  File "/home/airflow/.local/lib/python3.8/site-packages/airflow/operators/bash.py", line 210, in execute
    raise AirflowException(
airflow.exceptions.AirflowException: Bash command failed. The command returned a non-zero exit code 1.
[2025-12-10T04:47:15.555+0000] {taskinstance.py:1398} INFO - Marking task as FAILED. dag_id=crypto_dbt_docker, task_id=dbt_run, execution_date=20251210T044600, start_date=20251210T044701, end_date=20251210T044715
[2025-12-10T04:47:15.598+0000] {standard_task_runner.py:104} ERROR - Failed to execute job 68 for task dbt_run (Bash command failed. The command returned a non-zero exit code 1.; 2151)
[2025-12-10T04:47:15.663+0000] {local_task_job_runner.py:228} INFO - Task exited with return code 1
[2025-12-10T04:47:15.702+0000] {taskinstance.py:2776} INFO - 0 downstream tasks scheduled from follow-on schedule check
