[2025-12-10T04:04:01.170+0000] {taskinstance.py:1157} INFO - Dependencies all met for dep_context=non-requeueable deps ti=<TaskInstance: crypto_dbt_docker.dbt_run scheduled__2025-12-10T04:03:00+00:00 [queued]>
[2025-12-10T04:04:01.176+0000] {taskinstance.py:1157} INFO - Dependencies all met for dep_context=requeueable deps ti=<TaskInstance: crypto_dbt_docker.dbt_run scheduled__2025-12-10T04:03:00+00:00 [queued]>
[2025-12-10T04:04:01.176+0000] {taskinstance.py:1359} INFO - Starting attempt 1 of 1
[2025-12-10T04:04:01.191+0000] {taskinstance.py:1380} INFO - Executing <Task(BashOperator): dbt_run> on 2025-12-10 04:03:00+00:00
[2025-12-10T04:04:01.198+0000] {standard_task_runner.py:57} INFO - Started process 621 to run task
[2025-12-10T04:04:01.202+0000] {standard_task_runner.py:84} INFO - Running: ['***', 'tasks', 'run', 'crypto_dbt_docker', 'dbt_run', 'scheduled__2025-12-10T04:03:00+00:00', '--job-id', '25', '--raw', '--subdir', 'DAGS_FOLDER/dbt_pipeline.py', '--cfg-path', '/tmp/tmpgbv9xgdm']
[2025-12-10T04:04:01.204+0000] {standard_task_runner.py:85} INFO - Job 25: Subtask dbt_run
[2025-12-10T04:04:01.227+0000] {logging_mixin.py:151} WARNING - /home/***/.local/lib/python3.8/site-packages/***/settings.py:195 DeprecationWarning: The sql_alchemy_conn option in [core] has been moved to the sql_alchemy_conn option in [database] - the old setting has been used, but please update your config.
[2025-12-10T04:04:01.271+0000] {task_command.py:415} INFO - Running <TaskInstance: crypto_dbt_docker.dbt_run scheduled__2025-12-10T04:03:00+00:00 [running]> on host 35423fd881ec
[2025-12-10T04:04:01.370+0000] {taskinstance.py:1660} INFO - Exporting env vars: AIRFLOW_CTX_DAG_OWNER='***' AIRFLOW_CTX_DAG_ID='crypto_dbt_docker' AIRFLOW_CTX_TASK_ID='dbt_run' AIRFLOW_CTX_EXECUTION_DATE='2025-12-10T04:03:00+00:00' AIRFLOW_CTX_TRY_NUMBER='1' AIRFLOW_CTX_DAG_RUN_ID='scheduled__2025-12-10T04:03:00+00:00'
[2025-12-10T04:04:01.372+0000] {subprocess.py:63} INFO - Tmp dir root location: /tmp
[2025-12-10T04:04:01.373+0000] {subprocess.py:75} INFO - Running command: ['/bin/bash', '-c', 'dbt run --project-dir /opt/***/dbt_project --profiles-dir /opt/***/dbt_profiles']
[2025-12-10T04:04:01.387+0000] {subprocess.py:86} INFO - Output:
[2025-12-10T04:04:03.356+0000] {subprocess.py:93} INFO - [0m04:04:03  Running with dbt=1.8.7
[2025-12-10T04:04:04.360+0000] {subprocess.py:93} INFO - [0m04:04:04  Registered adapter: snowflake=1.8.4
[2025-12-10T04:04:04.526+0000] {subprocess.py:93} INFO - [0m04:04:04  [[33mWARNING[0m]: Configuration paths exist in your dbt_project.yml file which do not apply to any resources.
[2025-12-10T04:04:04.527+0000] {subprocess.py:93} INFO - There are 2 unused configuration paths:
[2025-12-10T04:04:04.527+0000] {subprocess.py:93} INFO - - models.crypto_transform.gold
[2025-12-10T04:04:04.527+0000] {subprocess.py:93} INFO - - models.crypto_transform.silver
[2025-12-10T04:04:04.675+0000] {subprocess.py:93} INFO - [0m04:04:04  Found 1 model, 1 source, 454 macros
[2025-12-10T04:04:04.768+0000] {subprocess.py:93} INFO - [0m04:04:04
[2025-12-10T04:04:10.020+0000] {subprocess.py:93} INFO - [0m04:04:10
[2025-12-10T04:04:10.020+0000] {subprocess.py:93} INFO - [0m04:04:10  Finished running  in 0 hours 0 minutes and 5.25 seconds (5.25s).
[2025-12-10T04:04:10.021+0000] {subprocess.py:93} INFO - [0m04:04:10  Encountered an error:
[2025-12-10T04:04:10.022+0000] {subprocess.py:93} INFO - Runtime Error
[2025-12-10T04:04:10.022+0000] {subprocess.py:93} INFO -   Database error while listing schemas in database "streaming_db"
[2025-12-10T04:04:10.022+0000] {subprocess.py:93} INFO -   Database Error
[2025-12-10T04:04:10.022+0000] {subprocess.py:93} INFO -     250001: Could not connect to Snowflake backend after 1 attempt(s).Aborting
[2025-12-10T04:04:12.128+0000] {subprocess.py:97} INFO - Command exited with return code 2
[2025-12-10T04:04:12.142+0000] {taskinstance.py:1935} ERROR - Task failed with exception
Traceback (most recent call last):
  File "/home/airflow/.local/lib/python3.8/site-packages/airflow/operators/bash.py", line 210, in execute
    raise AirflowException(
airflow.exceptions.AirflowException: Bash command failed. The command returned a non-zero exit code 2.
[2025-12-10T04:04:12.146+0000] {taskinstance.py:1398} INFO - Marking task as FAILED. dag_id=crypto_dbt_docker, task_id=dbt_run, execution_date=20251210T040300, start_date=20251210T040401, end_date=20251210T040412
[2025-12-10T04:04:12.163+0000] {standard_task_runner.py:104} ERROR - Failed to execute job 25 for task dbt_run (Bash command failed. The command returned a non-zero exit code 2.; 621)
[2025-12-10T04:04:12.196+0000] {local_task_job_runner.py:228} INFO - Task exited with return code 1
[2025-12-10T04:04:12.219+0000] {taskinstance.py:2776} INFO - 0 downstream tasks scheduled from follow-on schedule check
